Epoch 0/99
----------
LR 0.0001
train: bce: 0.152714, dice: 0.577833, loss: 0.365274
val: bce: 0.115855, dice: 0.408531, loss: 0.262193
saving best model
7m 53s
Epoch 1/99
----------
LR 0.0001
train: bce: 0.119521, dice: 0.398089, loss: 0.258805
val: bce: 0.110042, dice: 0.362498, loss: 0.236270
saving best model
2m 5s
Epoch 2/99
----------
LR 0.0001
train: bce: 0.112208, dice: 0.362208, loss: 0.237208
val: bce: 0.108184, dice: 0.337336, loss: 0.222760
saving best model
1m 58s
Epoch 3/99
----------
LR 0.0001
train: bce: 0.105369, dice: 0.338626, loss: 0.221997
val: bce: 0.093703, dice: 0.327977, loss: 0.210840
saving best model
1m 58s
Epoch 4/99
----------
LR 0.0001
train: bce: 0.100513, dice: 0.325211, loss: 0.212862
val: bce: 0.092087, dice: 0.319052, loss: 0.205569
saving best model
1m 58s
Epoch 5/99
----------
LR 0.0001
train: bce: 0.096805, dice: 0.314491, loss: 0.205648
val: bce: 0.101051, dice: 0.308079, loss: 0.204565
saving best model
1m 57s
Epoch 6/99
----------
LR 0.0001
train: bce: 0.093703, dice: 0.306424, loss: 0.200063
val: bce: 0.090348, dice: 0.303856, loss: 0.197102
saving best model
1m 57s
Epoch 7/99
----------
LR 0.0001
train: bce: 0.093589, dice: 0.300674, loss: 0.197132
val: bce: 0.090361, dice: 0.304447, loss: 0.197404
1m 57s
Epoch 8/99
----------
LR 0.0001
train: bce: 0.090052, dice: 0.292641, loss: 0.191346
val: bce: 0.099951, dice: 0.293797, loss: 0.196874
saving best model
1m 58s
Epoch 9/99
----------
LR 1e-05
train: bce: 0.085476, dice: 0.280732, loss: 0.183104
val: bce: 0.089721, dice: 0.292575, loss: 0.191148
saving best model
1m 57s
Epoch 10/99
----------
LR 1e-05
train: bce: 0.084809, dice: 0.277600, loss: 0.181205
val: bce: 0.088881, dice: 0.291656, loss: 0.190269
saving best model
1m 57s
Epoch 11/99
----------
LR 1e-05
train: bce: 0.083747, dice: 0.276350, loss: 0.180048
val: bce: 0.089266, dice: 0.291416, loss: 0.190341
1m 57s
Epoch 12/99
----------
LR 1e-05
train: bce: 0.083502, dice: 0.274942, loss: 0.179222
val: bce: 0.087795, dice: 0.290785, loss: 0.189290
saving best model
1m 57s
Epoch 13/99
----------
LR 1e-05
train: bce: 0.082840, dice: 0.273147, loss: 0.177993
val: bce: 0.088440, dice: 0.290217, loss: 0.189328
1m 57s
Epoch 14/99
----------
LR 1e-05
train: bce: 0.082598, dice: 0.272380, loss: 0.177489
val: bce: 0.089795, dice: 0.292854, loss: 0.191324
1m 57s
Epoch 15/99
----------
LR 1e-05
train: bce: 0.082433, dice: 0.270768, loss: 0.176600
val: bce: 0.087593, dice: 0.290052, loss: 0.188823
saving best model
1m 57s
Epoch 16/99
----------
LR 1e-05
train: bce: 0.081656, dice: 0.270075, loss: 0.175866
val: bce: 0.087429, dice: 0.288042, loss: 0.187735
saving best model
1m 57s
Epoch 17/99
----------
LR 1e-05
train: bce: 0.081477, dice: 0.269104, loss: 0.175291
val: bce: 0.086931, dice: 0.286496, loss: 0.186714
saving best model
1m 57s
Epoch 18/99
----------
LR 1e-05
train: bce: 0.081059, dice: 0.267986, loss: 0.174523
val: bce: 0.087948, dice: 0.287097, loss: 0.187523
1m 57s
Epoch 19/99
----------
LR 1.0000000000000002e-06
train: bce: 0.080843, dice: 0.267043, loss: 0.173943
val: bce: 0.086680, dice: 0.285802, loss: 0.186241
saving best model
1m 57s
Epoch 20/99
----------
LR 1.0000000000000002e-06
train: bce: 0.080465, dice: 0.265488, loss: 0.172977
val: bce: 0.087015, dice: 0.285274, loss: 0.186144
saving best model
1m 57s
Epoch 21/99
----------
LR 1.0000000000000002e-06
train: bce: 0.080354, dice: 0.265013, loss: 0.172683
val: bce: 0.087107, dice: 0.286523, loss: 0.186815
1m 57s
Epoch 22/99
----------
LR 1.0000000000000002e-06
train: bce: 0.080350, dice: 0.266295, loss: 0.173322
val: bce: 0.086564, dice: 0.286408, loss: 0.186486
1m 57s
Epoch 23/99
----------
LR 1.0000000000000002e-06
train: bce: 0.080820, dice: 0.266262, loss: 0.173541
val: bce: 0.087064, dice: 0.285731, loss: 0.186398
1m 57s
Epoch 24/99
----------
LR 1.0000000000000002e-06
train: bce: 0.079988, dice: 0.264122, loss: 0.172055
val: bce: 0.087509, dice: 0.286450, loss: 0.186980
1m 57s
Epoch 25/99
----------
LR 1.0000000000000002e-06
train: bce: 0.079901, dice: 0.264373, loss: 0.172137
val: bce: 0.087264, dice: 0.285448, loss: 0.186356
1m 57s
Epoch 26/99
----------
LR 1.0000000000000002e-06
train: bce: 0.080380, dice: 0.265270, loss: 0.172825
val: bce: 0.086680, dice: 0.286182, loss: 0.186431
1m 57s
Epoch 27/99
----------
LR 1.0000000000000002e-06
train: bce: 0.080366, dice: 0.264967, loss: 0.172666
val: bce: 0.086582, dice: 0.286277, loss: 0.186429
1m 57s
Epoch 28/99
----------
LR 1.0000000000000002e-06
train: bce: 0.080075, dice: 0.265344, loss: 0.172709
val: bce: 0.086625, dice: 0.286104, loss: 0.186365
1m 57s
Epoch 29/99
----------
LR 1.0000000000000002e-07
train: bce: 0.080067, dice: 0.264593, loss: 0.172330
val: bce: 0.087112, dice: 0.285179, loss: 0.186146
1m 57s
Epoch 30/99
----------
LR 1.0000000000000002e-07
train: bce: 0.080350, dice: 0.265141, loss: 0.172745
val: bce: 0.087580, dice: 0.285279, loss: 0.186430
1m 57s
Epoch 31/99
----------
LR 1.0000000000000002e-07
train: bce: 0.080116, dice: 0.264912, loss: 0.172514
val: bce: 0.086282, dice: 0.285403, loss: 0.185843
saving best model
1m 57s
Epoch 32/99
----------
LR 1.0000000000000002e-07
train: bce: 0.079960, dice: 0.263894, loss: 0.171927
val: bce: 0.087494, dice: 0.284845, loss: 0.186169
1m 57s
Epoch 33/99
----------
LR 1.0000000000000002e-07
train: bce: 0.079906, dice: 0.264547, loss: 0.172226
val: bce: 0.086496, dice: 0.285779, loss: 0.186137
1m 57s
Epoch 34/99
----------
LR 1.0000000000000002e-07
train: bce: 0.079941, dice: 0.264457, loss: 0.172199
val: bce: 0.086833, dice: 0.285492, loss: 0.186162
1m 57s
Epoch 35/99
----------
LR 1.0000000000000002e-07
train: bce: 0.080044, dice: 0.264484, loss: 0.172264
val: bce: 0.087088, dice: 0.285118, loss: 0.186103
1m 57s
Epoch 36/99
----------
LR 1.0000000000000002e-07
train: bce: 0.080174, dice: 0.264599, loss: 0.172386
val: bce: 0.087223, dice: 0.285556, loss: 0.186389
1m 57s
Epoch 37/99
----------
LR 1.0000000000000002e-07
train: bce: 0.080178, dice: 0.264961, loss: 0.172569
val: bce: 0.087441, dice: 0.286569, loss: 0.187005
1m 57s
Epoch 38/99
----------
LR 1.0000000000000002e-07
train: bce: 0.079858, dice: 0.264112, loss: 0.171985
val: bce: 0.087307, dice: 0.286160, loss: 0.186734
1m 57s
Epoch 39/99
----------
LR 1.0000000000000004e-08
train: bce: 0.080186, dice: 0.264553, loss: 0.172369
val: bce: 0.086468, dice: 0.285044, loss: 0.185756
saving best model
1m 57s
Epoch 40/99
----------
LR 1.0000000000000004e-08
train: bce: 0.080034, dice: 0.264578, loss: 0.172306
val: bce: 0.087434, dice: 0.285370, loss: 0.186402
1m 57s
Epoch 41/99
----------
LR 1.0000000000000004e-08
train: bce: 0.080254, dice: 0.264797, loss: 0.172525
val: bce: 0.088090, dice: 0.286772, loss: 0.187431
1m 57s
Epoch 42/99
----------
LR 1.0000000000000004e-08
train: bce: 0.080006, dice: 0.264307, loss: 0.172156
val: bce: 0.087501, dice: 0.284931, loss: 0.186216
1m 57s
Epoch 43/99
----------
LR 1.0000000000000004e-08
train: bce: 0.080108, dice: 0.264473, loss: 0.172290
val: bce: 0.087191, dice: 0.284986, loss: 0.186089
1m 57s
Epoch 44/99
----------
LR 1.0000000000000004e-08
train: bce: 0.080218, dice: 0.264804, loss: 0.172511
val: bce: 0.086999, dice: 0.285207, loss: 0.186103
1m 57s
Epoch 45/99
----------
LR 1.0000000000000004e-08
train: bce: 0.080039, dice: 0.264439, loss: 0.172239
val: bce: 0.087977, dice: 0.286029, loss: 0.187003
1m 57s
Epoch 46/99
----------
LR 1.0000000000000004e-08
train: bce: 0.080147, dice: 0.264692, loss: 0.172420
val: bce: 0.087335, dice: 0.285762, loss: 0.186548
1m 57s
Epoch 47/99
----------
LR 1.0000000000000004e-08
train: bce: 0.080172, dice: 0.264861, loss: 0.172517
val: bce: 0.086526, dice: 0.285465, loss: 0.185995
1m 57s
Epoch 48/99
----------
LR 1.0000000000000004e-08
train: bce: 0.080139, dice: 0.264428, loss: 0.172283
val: bce: 0.086899, dice: 0.284956, loss: 0.185928
1m 57s
Epoch 49/99
----------
LR 1.0000000000000005e-09
train: bce: 0.079868, dice: 0.264219, loss: 0.172043
val: bce: 0.087400, dice: 0.285133, loss: 0.186267
1m 57s
Epoch 50/99
----------
LR 1.0000000000000005e-09
train: bce: 0.080391, dice: 0.264874, loss: 0.172633
val: bce: 0.086794, dice: 0.286268, loss: 0.186531
1m 57s
Epoch 51/99
----------
LR 1.0000000000000005e-09
train: bce: 0.079961, dice: 0.264307, loss: 0.172134
val: bce: 0.087184, dice: 0.285564, loss: 0.186374
1m 57s
Epoch 52/99
----------
LR 1.0000000000000005e-09
train: bce: 0.079975, dice: 0.263994, loss: 0.171985
val: bce: 0.087471, dice: 0.286100, loss: 0.186785
1m 57s
Epoch 53/99
----------
LR 1.0000000000000005e-09
train: bce: 0.080261, dice: 0.264985, loss: 0.172623
val: bce: 0.086241, dice: 0.285428, loss: 0.185834
1m 57s
Epoch 54/99
----------
LR 1.0000000000000005e-09
train: bce: 0.079892, dice: 0.264679, loss: 0.172285
val: bce: 0.086443, dice: 0.285675, loss: 0.186059
1m 57s
Epoch 55/99
----------
LR 1.0000000000000005e-09
train: bce: 0.080161, dice: 0.264691, loss: 0.172426
val: bce: 0.088149, dice: 0.286881, loss: 0.187515
1m 57s
Epoch 56/99
----------
LR 1.0000000000000005e-09
train: bce: 0.080233, dice: 0.264532, loss: 0.172383
val: bce: 0.086974, dice: 0.285160, loss: 0.186067
1m 57s
Epoch 57/99
----------
LR 1.0000000000000005e-09
train: bce: 0.080065, dice: 0.264343, loss: 0.172204
val: bce: 0.087474, dice: 0.286093, loss: 0.186784
1m 57s
Epoch 58/99
----------
LR 1.0000000000000005e-09
train: bce: 0.079971, dice: 0.264840, loss: 0.172406
val: bce: 0.087457, dice: 0.285279, loss: 0.186368
1m 57s
Epoch 59/99
----------
LR 1.0000000000000006e-10
train: bce: 0.080188, dice: 0.264059, loss: 0.172123
val: bce: 0.086853, dice: 0.286643, loss: 0.186748
1m 57s
Epoch 60/99
----------
LR 1.0000000000000006e-10
train: bce: 0.080226, dice: 0.264807, loss: 0.172516
val: bce: 0.088753, dice: 0.285599, loss: 0.187176
1m 57s
Epoch 61/99
----------
LR 1.0000000000000006e-10
train: bce: 0.080163, dice: 0.264546, loss: 0.172354
val: bce: 0.087565, dice: 0.285985, loss: 0.186775
1m 57s
Epoch 62/99
----------
LR 1.0000000000000006e-10
train: bce: 0.079926, dice: 0.264477, loss: 0.172201
val: bce: 0.086807, dice: 0.285333, loss: 0.186070
1m 57s
Epoch 63/99
----------
LR 1.0000000000000006e-10
train: bce: 0.080163, dice: 0.264364, loss: 0.172263
val: bce: 0.087621, dice: 0.285075, loss: 0.186348
1m 57s
Epoch 64/99
----------
LR 1.0000000000000006e-10
train: bce: 0.080123, dice: 0.264176, loss: 0.172149
val: bce: 0.086961, dice: 0.284945, loss: 0.185953
1m 57s
Epoch 65/99
----------
LR 1.0000000000000006e-10
train: bce: 0.080229, dice: 0.264387, loss: 0.172308
val: bce: 0.086488, dice: 0.285273, loss: 0.185881
1m 57s
Epoch 66/99
----------
LR 1.0000000000000006e-10
train: bce: 0.080116, dice: 0.264235, loss: 0.172175
val: bce: 0.086874, dice: 0.285851, loss: 0.186362
1m 57s
Epoch 67/99
----------
LR 1.0000000000000006e-10
train: bce: 0.079868, dice: 0.264051, loss: 0.171959
val: bce: 0.087516, dice: 0.285517, loss: 0.186517
1m 57s
Epoch 68/99
----------
LR 1.0000000000000006e-10
train: bce: 0.080276, dice: 0.264941, loss: 0.172609
val: bce: 0.086364, dice: 0.285753, loss: 0.186058
1m 57s
Epoch 69/99
----------
LR 1.0000000000000006e-11
train: bce: 0.079848, dice: 0.264215, loss: 0.172031
val: bce: 0.088684, dice: 0.286621, loss: 0.187652
1m 57s
Epoch 70/99
----------
LR 1.0000000000000006e-11
train: bce: 0.079932, dice: 0.264738, loss: 0.172335
val: bce: 0.087509, dice: 0.286205, loss: 0.186857
1m 57s
Epoch 71/99
----------
LR 1.0000000000000006e-11
train: bce: 0.079980, dice: 0.263985, loss: 0.171983
val: bce: 0.087526, dice: 0.285846, loss: 0.186686
1m 57s
Epoch 72/99
----------
LR 1.0000000000000006e-11
train: bce: 0.079876, dice: 0.263607, loss: 0.171741
val: bce: 0.087267, dice: 0.285188, loss: 0.186228
1m 58s
Epoch 73/99
----------
LR 1.0000000000000006e-11
train: bce: 0.080155, dice: 0.264526, loss: 0.172340
val: bce: 0.086804, dice: 0.284636, loss: 0.185720
saving best model
1m 58s
Epoch 74/99
----------
LR 1.0000000000000006e-11
train: bce: 0.080111, dice: 0.264121, loss: 0.172116
val: bce: 0.087550, dice: 0.284929, loss: 0.186240
1m 58s
Epoch 75/99
----------
LR 1.0000000000000006e-11
train: bce: 0.080178, dice: 0.264702, loss: 0.172440
val: bce: 0.086819, dice: 0.285412, loss: 0.186116
1m 58s
Epoch 76/99
----------
LR 1.0000000000000006e-11
train: bce: 0.080446, dice: 0.265573, loss: 0.173009
val: bce: 0.088653, dice: 0.286512, loss: 0.187583
1m 58s
Epoch 77/99
----------
LR 1.0000000000000006e-11
train: bce: 0.080130, dice: 0.264373, loss: 0.172252
val: bce: 0.086815, dice: 0.285143, loss: 0.185979
1m 58s
Epoch 78/99
----------
LR 1.0000000000000006e-11
train: bce: 0.079933, dice: 0.264264, loss: 0.172098
val: bce: 0.087699, dice: 0.285522, loss: 0.186610
1m 58s
Epoch 79/99
----------
LR 1.0000000000000006e-12
train: bce: 0.080187, dice: 0.264562, loss: 0.172375
val: bce: 0.087649, dice: 0.285704, loss: 0.186676
1m 58s
Epoch 80/99
----------
LR 1.0000000000000006e-12
train: bce: 0.079673, dice: 0.264061, loss: 0.171867
val: bce: 0.087244, dice: 0.286184, loss: 0.186714
1m 58s
Epoch 81/99
----------
LR 1.0000000000000006e-12
train: bce: 0.079937, dice: 0.263827, loss: 0.171882
val: bce: 0.086614, dice: 0.286463, loss: 0.186538
1m 58s
Epoch 82/99
----------
LR 1.0000000000000006e-12
train: bce: 0.079906, dice: 0.264177, loss: 0.172042
val: bce: 0.086997, dice: 0.285505, loss: 0.186251
1m 58s
Epoch 83/99
----------
LR 1.0000000000000006e-12
train: bce: 0.080002, dice: 0.264230, loss: 0.172116
val: bce: 0.087392, dice: 0.285461, loss: 0.186427
1m 58s
Epoch 84/99
----------
LR 1.0000000000000006e-12
train: bce: 0.080071, dice: 0.264348, loss: 0.172210
val: bce: 0.087376, dice: 0.285454, loss: 0.186415
1m 58s
Epoch 85/99
----------
LR 1.0000000000000006e-12
train: bce: 0.080202, dice: 0.264905, loss: 0.172553
val: bce: 0.086990, dice: 0.285832, loss: 0.186411
1m 58s
Epoch 86/99
----------
LR 1.0000000000000006e-12
train: bce: 0.079888, dice: 0.263976, loss: 0.171932
val: bce: 0.087317, dice: 0.285107, loss: 0.186212
1m 58s
Epoch 87/99
----------
LR 1.0000000000000006e-12
train: bce: 0.080074, dice: 0.264276, loss: 0.172175
val: bce: 0.086927, dice: 0.285319, loss: 0.186123
1m 58s
Epoch 88/99
----------
LR 1.0000000000000006e-12
train: bce: 0.080055, dice: 0.264355, loss: 0.172205
val: bce: 0.087568, dice: 0.286325, loss: 0.186947
1m 58s
Epoch 89/99
----------
LR 1.0000000000000007e-13
train: bce: 0.079839, dice: 0.264278, loss: 0.172059
val: bce: 0.087663, dice: 0.286247, loss: 0.186955
1m 58s
Epoch 90/99
----------
LR 1.0000000000000007e-13
train: bce: 0.080077, dice: 0.264701, loss: 0.172389
val: bce: 0.086638, dice: 0.286733, loss: 0.186685
1m 58s
Epoch 91/99
----------
LR 1.0000000000000007e-13
train: bce: 0.080112, dice: 0.265077, loss: 0.172595
val: bce: 0.087197, dice: 0.286924, loss: 0.187061
1m 58s
Epoch 92/99
----------
LR 1.0000000000000007e-13
train: bce: 0.080338, dice: 0.264353, loss: 0.172345
val: bce: 0.086763, dice: 0.286170, loss: 0.186466
1m 58s
Epoch 93/99
----------
LR 1.0000000000000007e-13
train: bce: 0.080284, dice: 0.264278, loss: 0.172281
val: bce: 0.086403, dice: 0.285725, loss: 0.186064
1m 58s
Epoch 94/99
----------
LR 1.0000000000000007e-13
train: bce: 0.080222, dice: 0.264677, loss: 0.172450
val: bce: 0.086963, dice: 0.286562, loss: 0.186762
1m 58s
Epoch 95/99
----------
LR 1.0000000000000007e-13
train: bce: 0.080378, dice: 0.264085, loss: 0.172232
val: bce: 0.086924, dice: 0.284774, loss: 0.185849
1m 58s
Epoch 96/99
----------
LR 1.0000000000000007e-13
train: bce: 0.080207, dice: 0.264536, loss: 0.172372
val: bce: 0.087647, dice: 0.286076, loss: 0.186861
1m 58s
Epoch 97/99
----------
LR 1.0000000000000007e-13
train: bce: 0.080084, dice: 0.264294, loss: 0.172189
val: bce: 0.086662, dice: 0.284989, loss: 0.185825
1m 58s
Epoch 98/99
----------
LR 1.0000000000000007e-13
train: bce: 0.080370, dice: 0.264478, loss: 0.172424
val: bce: 0.086782, dice: 0.285005, loss: 0.185894
1m 58s
Epoch 99/99
----------
LR 1.0000000000000008e-14
train: bce: 0.080270, dice: 0.265193, loss: 0.172732
val: bce: 0.086937, dice: 0.286075, loss: 0.186506
1m 58s
Best val loss: 0.185720
